09:12:02  [INFO ] : 访问https://www.baidu.com/
09:12:19  [ERROR] : org.openqa.selenium.ElementClickInterceptedException: element click intercepted: Element <a data-click="{
			'F':'778317EA',
			'F1':'9D73F1E4',
			'F2':'4CA6DD6B',
			'F3':'54E5263F',
			'T':'1598317926',
						'y':'7E7A7F9B'
												}" href="http://www.baidu.com/link?url=BhwvOxT3SFKYZW3WQz4FGDQ3m-yY6cbnaTU69J5iYb3fG1AV3DJftAFcwGnD_5ce" target="_blank">...</a> is not clickable at point (180, 153). Other element would receive the click: <li data-key="特斯汀学院软件测试课程免费" class="bdsug-overflow">...</li>
  (Session info: chrome=83.0.4103.116)
Build info: version: '3.141.59', revision: 'e82be7d358', time: '2018-11-14T08:17:03'
System info: host: 'WIN-JI76PNNRJ6Q', ip: '192.168.18.133', os.name: 'Windows 7', os.arch: 'amd64', os.version: '6.1', java.version: '1.8.0_221'
Driver info: org.openqa.selenium.chrome.ChromeDriver
Capabilities {acceptInsecureCerts: false, browserName: chrome, browserVersion: 83.0.4103.116, chrome: {chromedriverVersion: 83.0.4103.39 (ccbf011cb2d2b..., userDataDir: D:\chromeData\copyData}, goog:chromeOptions: {debuggerAddress: localhost:2386}, javascriptEnabled: true, networkConnectionEnabled: false, pageLoadStrategy: normal, platform: WINDOWS, platformName: WINDOWS, proxy: Proxy(), setWindowRect: true, strictFileInteractability: false, timeouts: {implicit: 0, pageLoad: 300000, script: 30000}, unhandledPromptBehavior: dismiss and notify, webauthn:virtualAuthenticators: true}
Session ID: ad02ae202d5626feeac109f3373819b1
org.openqa.selenium.ElementClickInterceptedException: element click intercepted: Element <a data-click="{
			'F':'778317EA',
			'F1':'9D73F1E4',
			'F2':'4CA6DD6B',
			'F3':'54E5263F',
			'T':'1598317926',
						'y':'7E7A7F9B'
												}" href="http://www.baidu.com/link?url=BhwvOxT3SFKYZW3WQz4FGDQ3m-yY6cbnaTU69J5iYb3fG1AV3DJftAFcwGnD_5ce" target="_blank">...</a> is not clickable at point (180, 153). Other element would receive the click: <li data-key="特斯汀学院软件测试课程免费" class="bdsug-overflow">...</li>
  (Session info: chrome=83.0.4103.116)
Build info: version: '3.141.59', revision: 'e82be7d358', time: '2018-11-14T08:17:03'
System info: host: 'WIN-JI76PNNRJ6Q', ip: '192.168.18.133', os.name: 'Windows 7', os.arch: 'amd64', os.version: '6.1', java.version: '1.8.0_221'
Driver info: org.openqa.selenium.chrome.ChromeDriver
Capabilities {acceptInsecureCerts: false, browserName: chrome, browserVersion: 83.0.4103.116, chrome: {chromedriverVersion: 83.0.4103.39 (ccbf011cb2d2b..., userDataDir: D:\chromeData\copyData}, goog:chromeOptions: {debuggerAddress: localhost:2386}, javascriptEnabled: true, networkConnectionEnabled: false, pageLoadStrategy: normal, platform: WINDOWS, platformName: WINDOWS, proxy: Proxy(), setWindowRect: true, strictFileInteractability: false, timeouts: {implicit: 0, pageLoad: 300000, script: 30000}, unhandledPromptBehavior: dismiss and notify, webauthn:virtualAuthenticators: true}
Session ID: ad02ae202d5626feeac109f3373819b1
	at com.testing.webKeyword.DataDrivenOfWeb.click(DataDrivenOfWeb.java:155) [classes/:?]
	at sun.reflect.NativeMethodAccessorImpl.invoke0(Native Method) ~[?:1.8.0_221]
	at sun.reflect.NativeMethodAccessorImpl.invoke(NativeMethodAccessorImpl.java:62) ~[?:1.8.0_221]
	at sun.reflect.DelegatingMethodAccessorImpl.invoke(DelegatingMethodAccessorImpl.java:43) ~[?:1.8.0_221]
	at java.lang.reflect.Method.invoke(Method.java:498) ~[?:1.8.0_221]
	at com.chen.class14.DDToOfWeb.invokeWebkey(DDToOfWeb.java:82) [classes/:?]
	at com.chen.class14.DDToOfWeb.main(DDToOfWeb.java:46) [classes/:?]
09:12:20  [ERROR] : java.io.FileNotFoundException: SCRshot\click20200825+09-12-19.png (系统找不到指定的路径。)
java.io.FileNotFoundException: SCRshot\click20200825+09-12-19.png (系统找不到指定的路径。)
	at com.testing.webKeyword.DataDrivenOfWeb.saveScrShot(DataDrivenOfWeb.java:462) [classes/:?]
	at com.testing.webKeyword.DataDrivenOfWeb.click(DataDrivenOfWeb.java:156) [classes/:?]
	at sun.reflect.NativeMethodAccessorImpl.invoke0(Native Method) ~[?:1.8.0_221]
	at sun.reflect.NativeMethodAccessorImpl.invoke(NativeMethodAccessorImpl.java:62) ~[?:1.8.0_221]
	at sun.reflect.DelegatingMethodAccessorImpl.invoke(DelegatingMethodAccessorImpl.java:43) ~[?:1.8.0_221]
	at java.lang.reflect.Method.invoke(Method.java:498) ~[?:1.8.0_221]
	at com.chen.class14.DDToOfWeb.invokeWebkey(DDToOfWeb.java:82) [classes/:?]
	at com.chen.class14.DDToOfWeb.main(DDToOfWeb.java:46) [classes/:?]
09:12:20  [ERROR] : 截图失败！
09:12:25  [INFO ] : chrome浏览器启动
09:12:59  [INFO ] : 访问http://music.163.com/
